\BOOKMARK [-1][-]{part.1}{I Hands-On Activities}{}% 1
\BOOKMARK [0][-]{chapter.1}{Chemistry Activities for Form I}{part.1}% 2
\BOOKMARK [0][-]{chapter.2}{Chemistry Activities for Form II}{part.1}% 3
\BOOKMARK [0][-]{chapter.3}{Chemistry Activities for Form III}{part.1}% 4
\BOOKMARK [0][-]{chapter.4}{Chemistry Activities for Form IV}{part.1}% 5
\BOOKMARK [0][-]{appendix.A}{Local Materials List}{part.1}% 6
\BOOKMARK [1][-]{section.A.1}{Alligator Clips}{appendix.A}% 7
\BOOKMARK [1][-]{section.A.2}{Balance}{appendix.A}% 8
\BOOKMARK [1][-]{section.A.3}{Beakers}{appendix.A}% 9
\BOOKMARK [1][-]{section.A.4}{Blowpipe}{appendix.A}% 10
\BOOKMARK [1][-]{section.A.5}{Bulbs}{appendix.A}% 11
\BOOKMARK [1][-]{section.A.6}{Bunsen Burner}{appendix.A}% 12
\BOOKMARK [1][-]{section.A.7}{Burettes}{appendix.A}% 13
\BOOKMARK [1][-]{section.A.8}{Containers}{appendix.A}% 14
\BOOKMARK [1][-]{section.A.9}{Crucible}{appendix.A}% 15
\BOOKMARK [1][-]{section.A.10}{Deflagrating Spoon}{appendix.A}% 16
\BOOKMARK [1][-]{section.A.11}{Delivery Tube}{appendix.A}% 17
\BOOKMARK [1][-]{section.A.12}{Droppers}{appendix.A}% 18
\BOOKMARK [1][-]{section.A.13}{Electrodes}{appendix.A}% 19
\BOOKMARK [2][-]{subsection.A.13.1}{Graphite}{section.A.13}% 20
\BOOKMARK [2][-]{subsection.A.13.2}{Zinc}{section.A.13}% 21
\BOOKMARK [2][-]{subsection.A.13.3}{Iron}{section.A.13}% 22
\BOOKMARK [2][-]{subsection.A.13.4}{Copper}{section.A.13}% 23
\BOOKMARK [1][-]{section.A.14}{Electrode Holders}{appendix.A}% 24
\BOOKMARK [1][-]{section.A.15}{Filter Paper}{appendix.A}% 25
\BOOKMARK [1][-]{section.A.16}{Flasks}{appendix.A}% 26
\BOOKMARK [1][-]{section.A.17}{Funnel}{appendix.A}% 27
\BOOKMARK [1][-]{section.A.18}{Gloves}{appendix.A}% 28
\BOOKMARK [2][-]{subsection.A.18.1}{Latex gloves}{section.A.18}% 29
\BOOKMARK [2][-]{subsection.A.18.2}{Thick gloves}{section.A.18}% 30
\BOOKMARK [1][-]{section.A.19}{Goggles}{appendix.A}% 31
\BOOKMARK [1][-]{section.A.20}{Heat Sources}{appendix.A}% 32
\BOOKMARK [2][-]{subsection.A.20.1}{Heating Solutions}{section.A.20}% 33
\BOOKMARK [2][-]{subsection.A.20.2}{Heating Solids}{section.A.20}% 34
\BOOKMARK [2][-]{subsection.A.20.3}{Flame Tests}{section.A.20}% 35
\BOOKMARK [1][-]{section.A.21}{Indicator}{appendix.A}% 36
\BOOKMARK [1][-]{section.A.22}{Iron Filings}{appendix.A}% 37
\BOOKMARK [1][-]{section.A.23}{Masses}{appendix.A}% 38
\BOOKMARK [1][-]{section.A.24}{Measuring Cylinder}{appendix.A}% 39
\BOOKMARK [1][-]{section.A.25}{Metre Rule}{appendix.A}% 40
\BOOKMARK [1][-]{section.A.26}{Microscope}{appendix.A}% 41
\BOOKMARK [1][-]{section.A.27}{Mortar and Pestle}{appendix.A}% 42
\BOOKMARK [1][-]{section.A.28}{Nichrome Wire}{appendix.A}% 43
\BOOKMARK [1][-]{section.A.29}{Optical Pins}{appendix.A}% 44
\BOOKMARK [1][-]{section.A.30}{Pipettes}{appendix.A}% 45
\BOOKMARK [1][-]{section.A.31}{Retort Stand}{appendix.A}% 46
\BOOKMARK [1][-]{section.A.32}{Scale Pans}{appendix.A}% 47
\BOOKMARK [1][-]{section.A.33}{Scalpels}{appendix.A}% 48
\BOOKMARK [1][-]{section.A.34}{Slides and Cover Slips}{appendix.A}% 49
\BOOKMARK [1][-]{section.A.35}{Spatula}{appendix.A}% 50
\BOOKMARK [1][-]{section.A.36}{Springs}{appendix.A}% 51
\BOOKMARK [1][-]{section.A.37}{Stoppers}{appendix.A}% 52
\BOOKMARK [1][-]{section.A.38}{Stopwatches}{appendix.A}% 53
\BOOKMARK [1][-]{section.A.39}{Test Tubes}{appendix.A}% 54
\BOOKMARK [2][-]{subsection.A.39.1}{Plastic Test Tubes}{section.A.39}% 55
\BOOKMARK [2][-]{subsection.A.39.2}{For Thermal Decomposition}{section.A.39}% 56
\BOOKMARK [1][-]{section.A.40}{Test Tube Brush}{appendix.A}% 57
\BOOKMARK [1][-]{section.A.41}{Test Tube Holder / Tongs}{appendix.A}% 58
\BOOKMARK [1][-]{section.A.42}{Test Tube Racks}{appendix.A}% 59
\BOOKMARK [1][-]{section.A.43}{Tripod Stands}{appendix.A}% 60
\BOOKMARK [1][-]{section.A.44}{Volumetric ``Glass''ware}{appendix.A}% 61
\BOOKMARK [1][-]{section.A.45}{Wash Bottle}{appendix.A}% 62
\BOOKMARK [1][-]{section.A.46}{Water Bath}{appendix.A}% 63
\BOOKMARK [1][-]{section.A.47}{Weights}{appendix.A}% 64
\BOOKMARK [2][-]{subsection.A.47.1}{Crude Weights}{section.A.47}% 65
\BOOKMARK [2][-]{subsection.A.47.2}{Adding Weight in Known Intervals}{section.A.47}% 66
\BOOKMARK [2][-]{subsection.A.47.3}{Precise Weights}{section.A.47}% 67
\BOOKMARK [1][-]{section.A.48}{White Tiles}{appendix.A}% 68
\BOOKMARK [1][-]{section.A.49}{Wire}{appendix.A}% 69
\BOOKMARK [2][-]{subsection.A.49.1}{Connecting Wires}{section.A.49}% 70
\BOOKMARK [2][-]{subsection.A.49.2}{Specific Gauge Wire}{section.A.49}% 71
\BOOKMARK [1][-]{section.A.50}{Wire Gauze}{appendix.A}% 72
